Traceback (most recent call last):
  File "/home/ryan/.conda/envs/newwork/lib/python3.9/site-packages/jupyter_cache/executors/utils.py", line 51, in single_nb_execution
    executenb(
  File "/home/ryan/.conda/envs/newwork/lib/python3.9/site-packages/nbclient/client.py", line 1204, in execute
    return NotebookClient(nb=nb, resources=resources, km=km, **kwargs).execute()
  File "/home/ryan/.conda/envs/newwork/lib/python3.9/site-packages/nbclient/util.py", line 84, in wrapped
    return just_run(coro(*args, **kwargs))
  File "/home/ryan/.conda/envs/newwork/lib/python3.9/site-packages/nbclient/util.py", line 62, in just_run
    return loop.run_until_complete(coro)
  File "/home/ryan/.conda/envs/newwork/lib/python3.9/asyncio/base_events.py", line 647, in run_until_complete
    return future.result()
  File "/home/ryan/.conda/envs/newwork/lib/python3.9/site-packages/nbclient/client.py", line 663, in async_execute
    await self.async_execute_cell(
  File "/home/ryan/.conda/envs/newwork/lib/python3.9/site-packages/nbclient/client.py", line 965, in async_execute_cell
    await self._check_raise_for_error(cell, cell_index, exec_reply)
  File "/home/ryan/.conda/envs/newwork/lib/python3.9/site-packages/nbclient/client.py", line 862, in _check_raise_for_error
    raise CellExecutionError.from_cell_and_msg(cell, exec_reply_content)
nbclient.exceptions.CellExecutionError: An error occurred while executing the following cell:
------------------
Z = np.block([[np.sin(t)],[np.sin(3*t)]]).T
model = sm.OLS(y, Z)
results = model.fit()
amps = results.params
------------------

[0;31m---------------------------------------------------------------------------[0m
[0;31mValueError[0m                                Traceback (most recent call last)
Input [0;32mIn [14][0m, in [0;36m<cell line: 2>[0;34m()[0m
[1;32m      1[0m Z [38;5;241m=[39m np[38;5;241m.[39mblock([[np[38;5;241m.[39msin(t)],[np[38;5;241m.[39msin([38;5;241m3[39m[38;5;241m*[39mt)]])[38;5;241m.[39mT
[0;32m----> 2[0m model [38;5;241m=[39m [43msm[49m[38;5;241;43m.[39;49m[43mOLS[49m[43m([49m[43my[49m[43m,[49m[43m [49m[43mZ[49m[43m)[49m
[1;32m      3[0m results [38;5;241m=[39m model[38;5;241m.[39mfit()
[1;32m      4[0m amps [38;5;241m=[39m results[38;5;241m.[39mparams

File [0;32m~/.conda/envs/newwork/lib/python3.9/site-packages/statsmodels/regression/linear_model.py:890[0m, in [0;36mOLS.__init__[0;34m(self, endog, exog, missing, hasconst, **kwargs)[0m
[1;32m    887[0m     msg [38;5;241m=[39m ([38;5;124m"[39m[38;5;124mWeights are not supported in OLS and will be ignored[39m[38;5;124m"[39m
[1;32m    888[0m            [38;5;124m"[39m[38;5;124mAn exception will be raised in the next version.[39m[38;5;124m"[39m)
[1;32m    889[0m     warnings[38;5;241m.[39mwarn(msg, ValueWarning)
[0;32m--> 890[0m [38;5;28;43msuper[39;49m[43m([49m[43mOLS[49m[43m,[49m[43m [49m[38;5;28;43mself[39;49m[43m)[49m[38;5;241;43m.[39;49m[38;5;21;43m__init__[39;49m[43m([49m[43mendog[49m[43m,[49m[43m [49m[43mexog[49m[43m,[49m[43m [49m[43mmissing[49m[38;5;241;43m=[39;49m[43mmissing[49m[43m,[49m
[1;32m    891[0m [43m                          [49m[43mhasconst[49m[38;5;241;43m=[39;49m[43mhasconst[49m[43m,[49m[43m [49m[38;5;241;43m*[39;49m[38;5;241;43m*[39;49m[43mkwargs[49m[43m)[49m
[1;32m    892[0m [38;5;28;01mif[39;00m [38;5;124m"[39m[38;5;124mweights[39m[38;5;124m"[39m [38;5;129;01min[39;00m [38;5;28mself[39m[38;5;241m.[39m_init_keys:
[1;32m    893[0m     [38;5;28mself[39m[38;5;241m.[39m_init_keys[38;5;241m.[39mremove([38;5;124m"[39m[38;5;124mweights[39m[38;5;124m"[39m)

File [0;32m~/.conda/envs/newwork/lib/python3.9/site-packages/statsmodels/regression/linear_model.py:717[0m, in [0;36mWLS.__init__[0;34m(self, endog, exog, weights, missing, hasconst, **kwargs)[0m
[1;32m    715[0m [38;5;28;01melse[39;00m:
[1;32m    716[0m     weights [38;5;241m=[39m weights[38;5;241m.[39msqueeze()
[0;32m--> 717[0m [38;5;28;43msuper[39;49m[43m([49m[43mWLS[49m[43m,[49m[43m [49m[38;5;28;43mself[39;49m[43m)[49m[38;5;241;43m.[39;49m[38;5;21;43m__init__[39;49m[43m([49m[43mendog[49m[43m,[49m[43m [49m[43mexog[49m[43m,[49m[43m [49m[43mmissing[49m[38;5;241;43m=[39;49m[43mmissing[49m[43m,[49m
[1;32m    718[0m [43m                          [49m[43mweights[49m[38;5;241;43m=[39;49m[43mweights[49m[43m,[49m[43m [49m[43mhasconst[49m[38;5;241;43m=[39;49m[43mhasconst[49m[43m,[49m[43m [49m[38;5;241;43m*[39;49m[38;5;241;43m*[39;49m[43mkwargs[49m[43m)[49m
[1;32m    719[0m nobs [38;5;241m=[39m [38;5;28mself[39m[38;5;241m.[39mexog[38;5;241m.[39mshape[[38;5;241m0[39m]
[1;32m    720[0m weights [38;5;241m=[39m [38;5;28mself[39m[38;5;241m.[39mweights

File [0;32m~/.conda/envs/newwork/lib/python3.9/site-packages/statsmodels/regression/linear_model.py:191[0m, in [0;36mRegressionModel.__init__[0;34m(self, endog, exog, **kwargs)[0m
[1;32m    190[0m [38;5;28;01mdef[39;00m [38;5;21m__init__[39m([38;5;28mself[39m, endog, exog, [38;5;241m*[39m[38;5;241m*[39mkwargs):
[0;32m--> 191[0m     [38;5;28;43msuper[39;49m[43m([49m[43mRegressionModel[49m[43m,[49m[43m [49m[38;5;28;43mself[39;49m[43m)[49m[38;5;241;43m.[39;49m[38;5;21;43m__init__[39;49m[43m([49m[43mendog[49m[43m,[49m[43m [49m[43mexog[49m[43m,[49m[43m [49m[38;5;241;43m*[39;49m[38;5;241;43m*[39;49m[43mkwargs[49m[43m)[49m
[1;32m    192[0m     [38;5;28mself[39m[38;5;241m.[39m_data_attr[38;5;241m.[39mextend([[38;5;124m'[39m[38;5;124mpinv_wexog[39m[38;5;124m'[39m, [38;5;124m'[39m[38;5;124mwendog[39m[38;5;124m'[39m, [38;5;124m'[39m[38;5;124mwexog[39m[38;5;124m'[39m, [38;5;124m'[39m[38;5;124mweights[39m[38;5;124m'[39m])

File [0;32m~/.conda/envs/newwork/lib/python3.9/site-packages/statsmodels/base/model.py:267[0m, in [0;36mLikelihoodModel.__init__[0;34m(self, endog, exog, **kwargs)[0m
[1;32m    266[0m [38;5;28;01mdef[39;00m [38;5;21m__init__[39m([38;5;28mself[39m, endog, exog[38;5;241m=[39m[38;5;28;01mNone[39;00m, [38;5;241m*[39m[38;5;241m*[39mkwargs):
[0;32m--> 267[0m     [38;5;28;43msuper[39;49m[43m([49m[43m)[49m[38;5;241;43m.[39;49m[38;5;21;43m__init__[39;49m[43m([49m[43mendog[49m[43m,[49m[43m [49m[43mexog[49m[43m,[49m[43m [49m[38;5;241;43m*[39;49m[38;5;241;43m*[39;49m[43mkwargs[49m[43m)[49m
[1;32m    268[0m     [38;5;28mself[39m[38;5;241m.[39minitialize()

File [0;32m~/.conda/envs/newwork/lib/python3.9/site-packages/statsmodels/base/model.py:92[0m, in [0;36mModel.__init__[0;34m(self, endog, exog, **kwargs)[0m
[1;32m     90[0m missing [38;5;241m=[39m kwargs[38;5;241m.[39mpop([38;5;124m'[39m[38;5;124mmissing[39m[38;5;124m'[39m, [38;5;124m'[39m[38;5;124mnone[39m[38;5;124m'[39m)
[1;32m     91[0m hasconst [38;5;241m=[39m kwargs[38;5;241m.[39mpop([38;5;124m'[39m[38;5;124mhasconst[39m[38;5;124m'[39m, [38;5;28;01mNone[39;00m)
[0;32m---> 92[0m [38;5;28mself[39m[38;5;241m.[39mdata [38;5;241m=[39m [38;5;28;43mself[39;49m[38;5;241;43m.[39;49m[43m_handle_data[49m[43m([49m[43mendog[49m[43m,[49m[43m [49m[43mexog[49m[43m,[49m[43m [49m[43mmissing[49m[43m,[49m[43m [49m[43mhasconst[49m[43m,[49m
[1;32m     93[0m [43m                              [49m[38;5;241;43m*[39;49m[38;5;241;43m*[39;49m[43mkwargs[49m[43m)[49m
[1;32m     94[0m [38;5;28mself[39m[38;5;241m.[39mk_constant [38;5;241m=[39m [38;5;28mself[39m[38;5;241m.[39mdata[38;5;241m.[39mk_constant
[1;32m     95[0m [38;5;28mself[39m[38;5;241m.[39mexog [38;5;241m=[39m [38;5;28mself[39m[38;5;241m.[39mdata[38;5;241m.[39mexog

File [0;32m~/.conda/envs/newwork/lib/python3.9/site-packages/statsmodels/base/model.py:132[0m, in [0;36mModel._handle_data[0;34m(self, endog, exog, missing, hasconst, **kwargs)[0m
[1;32m    131[0m [38;5;28;01mdef[39;00m [38;5;21m_handle_data[39m([38;5;28mself[39m, endog, exog, missing, hasconst, [38;5;241m*[39m[38;5;241m*[39mkwargs):
[0;32m--> 132[0m     data [38;5;241m=[39m [43mhandle_data[49m[43m([49m[43mendog[49m[43m,[49m[43m [49m[43mexog[49m[43m,[49m[43m [49m[43mmissing[49m[43m,[49m[43m [49m[43mhasconst[49m[43m,[49m[43m [49m[38;5;241;43m*[39;49m[38;5;241;43m*[39;49m[43mkwargs[49m[43m)[49m
[1;32m    133[0m     [38;5;66;03m# kwargs arrays could have changed, easier to just attach here[39;00m
[1;32m    134[0m     [38;5;28;01mfor[39;00m key [38;5;129;01min[39;00m kwargs:

File [0;32m~/.conda/envs/newwork/lib/python3.9/site-packages/statsmodels/base/data.py:673[0m, in [0;36mhandle_data[0;34m(endog, exog, missing, hasconst, **kwargs)[0m
[1;32m    670[0m     exog [38;5;241m=[39m np[38;5;241m.[39masarray(exog)
[1;32m    672[0m klass [38;5;241m=[39m handle_data_class_factory(endog, exog)
[0;32m--> 673[0m [38;5;28;01mreturn[39;00m [43mklass[49m[43m([49m[43mendog[49m[43m,[49m[43m [49m[43mexog[49m[38;5;241;43m=[39;49m[43mexog[49m[43m,[49m[43m [49m[43mmissing[49m[38;5;241;43m=[39;49m[43mmissing[49m[43m,[49m[43m [49m[43mhasconst[49m[38;5;241;43m=[39;49m[43mhasconst[49m[43m,[49m
[1;32m    674[0m [43m             [49m[38;5;241;43m*[39;49m[38;5;241;43m*[39;49m[43mkwargs[49m[43m)[49m

File [0;32m~/.conda/envs/newwork/lib/python3.9/site-packages/statsmodels/base/data.py:87[0m, in [0;36mModelData.__init__[0;34m(self, endog, exog, missing, hasconst, **kwargs)[0m
[1;32m     85[0m [38;5;28mself[39m[38;5;241m.[39mk_constant [38;5;241m=[39m [38;5;241m0[39m
[1;32m     86[0m [38;5;28mself[39m[38;5;241m.[39m_handle_constant(hasconst)
[0;32m---> 87[0m [38;5;28;43mself[39;49m[38;5;241;43m.[39;49m[43m_check_integrity[49m[43m([49m[43m)[49m
[1;32m     88[0m [38;5;28mself[39m[38;5;241m.[39m_cache [38;5;241m=[39m {}

File [0;32m~/.conda/envs/newwork/lib/python3.9/site-packages/statsmodels/base/data.py:434[0m, in [0;36mModelData._check_integrity[0;34m(self)[0m
[1;32m    432[0m [38;5;28;01mif[39;00m [38;5;28mself[39m[38;5;241m.[39mexog [38;5;129;01mis[39;00m [38;5;129;01mnot[39;00m [38;5;28;01mNone[39;00m:
[1;32m    433[0m     [38;5;28;01mif[39;00m [38;5;28mlen[39m([38;5;28mself[39m[38;5;241m.[39mexog) [38;5;241m!=[39m [38;5;28mlen[39m([38;5;28mself[39m[38;5;241m.[39mendog):
[0;32m--> 434[0m         [38;5;28;01mraise[39;00m [38;5;167;01mValueError[39;00m([38;5;124m"[39m[38;5;124mendog and exog matrices are different sizes[39m[38;5;124m"[39m)

[0;31mValueError[0m: endog and exog matrices are different sizes
ValueError: endog and exog matrices are different sizes

