Traceback (most recent call last):
  File "/home/ryan/.local/lib/python3.8/site-packages/jupyter_cache/executors/utils.py", line 51, in single_nb_execution
    executenb(
  File "/opt/miniconda3/lib/python3.8/site-packages/nbclient/client.py", line 1112, in execute
    return NotebookClient(nb=nb, resources=resources, km=km, **kwargs).execute()
  File "/opt/miniconda3/lib/python3.8/site-packages/nbclient/util.py", line 74, in wrapped
    return just_run(coro(*args, **kwargs))
  File "/opt/miniconda3/lib/python3.8/site-packages/nbclient/util.py", line 53, in just_run
    return loop.run_until_complete(coro)
  File "/opt/miniconda3/lib/python3.8/asyncio/base_events.py", line 616, in run_until_complete
    return future.result()
  File "/opt/miniconda3/lib/python3.8/site-packages/nbclient/client.py", line 553, in async_execute
    await self.async_execute_cell(
  File "/opt/miniconda3/lib/python3.8/site-packages/nbclient/client.py", line 857, in async_execute_cell
    self._check_raise_for_error(cell, exec_reply)
  File "/opt/miniconda3/lib/python3.8/site-packages/nbclient/client.py", line 760, in _check_raise_for_error
    raise CellExecutionError.from_cell_and_msg(cell, exec_reply_content)
nbclient.exceptions.CellExecutionError: An error occurred while executing the following cell:
------------------
plt.figure()
plt.imshow(im1)

plt.plot(hits1[:,0],hits1[:,1],'x')
#plt.plot(rings[:,0],rings[:,1],'s')
------------------

[0;31m---------------------------------------------------------------------------[0m
[0;31mIndexError[0m                                Traceback (most recent call last)
[0;32m<ipython-input-8-13ad79c5447a>[0m in [0;36m<module>[0;34m[0m
[1;32m      2[0m [0mplt[0m[0;34m.[0m[0mimshow[0m[0;34m([0m[0mim1[0m[0;34m)[0m[0;34m[0m[0;34m[0m[0m
[1;32m      3[0m [0;34m[0m[0m
[0;32m----> 4[0;31m [0mplt[0m[0;34m.[0m[0mplot[0m[0;34m([0m[0mhits1[0m[0;34m[[0m[0;34m:[0m[0;34m,[0m[0;36m0[0m[0;34m][0m[0;34m,[0m[0mhits1[0m[0;34m[[0m[0;34m:[0m[0;34m,[0m[0;36m1[0m[0;34m][0m[0;34m,[0m[0;34m'x'[0m[0;34m)[0m[0;34m[0m[0;34m[0m[0m
[0m[1;32m      5[0m [0;31m#plt.plot(rings[:,0],rings[:,1],'s')[0m[0;34m[0m[0;34m[0m[0;34m[0m[0m

[0;31mIndexError[0m: too many indices for array: array is 1-dimensional, but 2 were indexed
IndexError: too many indices for array: array is 1-dimensional, but 2 were indexed

